Compiling the C compiler identification source file "CMakeCCompilerId.c" failed.
Compiler: /usr/bin/eosio-cc 
Build flags: ;-O3;
Id flags:  

The output was:
255
/usr/opt/eosio.cdt/1.7.0/bin/wasm-ld: error: fatal failure: contract with no actions and trying to create dispatcher


Compiling the CXX compiler identification source file "CMakeCXXCompilerId.cpp" failed.
Compiler: /usr/bin/eosio-cpp 
Build flags: ;-O3;
Id flags:  

The output was:
255
/usr/opt/eosio.cdt/1.7.0/bin/wasm-ld: error: fatal failure: contract with no actions and trying to create dispatcher


Detecting C compiler ABI info failed to compile with the following output:
Change Dir: /root/eosio.contracts-1.9.1/build/contracts/CMakeFiles/CMakeTmp

Run Build Command:"/usr/bin/make" "cmTC_86d95/fast"
make[3]: Entering directory '/root/eosio.contracts-1.9.1/build/contracts/CMakeFiles/CMakeTmp'
/usr/bin/make -f CMakeFiles/cmTC_86d95.dir/build.make CMakeFiles/cmTC_86d95.dir/build
make[4]: Entering directory '/root/eosio.contracts-1.9.1/build/contracts/CMakeFiles/CMakeTmp'
Building C object CMakeFiles/cmTC_86d95.dir/CMakeCCompilerABI.c.obj
/usr/bin/eosio-cc    -o CMakeFiles/cmTC_86d95.dir/CMakeCCompilerABI.c.obj   -c /usr/share/cmake-3.10/Modules/CMakeCCompilerABI.c
Linking C executable cmTC_86d95.wasm
/usr/bin/cmake -E cmake_link_script CMakeFiles/cmTC_86d95.dir/link.txt --verbose=1
/usr/bin/eosio-ld  -v CMakeFiles/cmTC_86d95.dir/CMakeCCompilerABI.c.obj -o cmTC_86d95.wasm 
eosio-ld: Unknown command line argument '-v'.  Try: '/usr/bin/eosio-ld -help'
eosio-ld: Did you mean '-L'?
CMakeFiles/cmTC_86d95.dir/build.make:97: recipe for target 'cmTC_86d95.wasm' failed
make[4]: *** [cmTC_86d95.wasm] Error 1
make[4]: Leaving directory '/root/eosio.contracts-1.9.1/build/contracts/CMakeFiles/CMakeTmp'
Makefile:126: recipe for target 'cmTC_86d95/fast' failed
make[3]: *** [cmTC_86d95/fast] Error 2
make[3]: Leaving directory '/root/eosio.contracts-1.9.1/build/contracts/CMakeFiles/CMakeTmp'



Detecting C [-std=c11] compiler features failed to compile with the following output:
Change Dir: /root/eosio.contracts-1.9.1/build/contracts/CMakeFiles/CMakeTmp

Run Build Command:"/usr/bin/make" "cmTC_7c5cd/fast"
make[3]: Entering directory '/root/eosio.contracts-1.9.1/build/contracts/CMakeFiles/CMakeTmp'
/usr/bin/make -f CMakeFiles/cmTC_7c5cd.dir/build.make CMakeFiles/cmTC_7c5cd.dir/build
make[4]: Entering directory '/root/eosio.contracts-1.9.1/build/contracts/CMakeFiles/CMakeTmp'
Building C object CMakeFiles/cmTC_7c5cd.dir/feature_tests.c.obj
/usr/bin/eosio-cc   -std=c11 -o CMakeFiles/cmTC_7c5cd.dir/feature_tests.c.obj   -c /root/eosio.contracts-1.9.1/build/contracts/CMakeFiles/feature_tests.c
eosio-cc: Unknown command line argument '-std=c11'.  Try: '/usr/bin/eosio-cc -help'
eosio-cc: Did you mean '-w=c11'?
CMakeFiles/cmTC_7c5cd.dir/build.make:65: recipe for target 'CMakeFiles/cmTC_7c5cd.dir/feature_tests.c.obj' failed
make[4]: *** [CMakeFiles/cmTC_7c5cd.dir/feature_tests.c.obj] Error 1
make[4]: Leaving directory '/root/eosio.contracts-1.9.1/build/contracts/CMakeFiles/CMakeTmp'
Makefile:126: recipe for target 'cmTC_7c5cd/fast' failed
make[3]: *** [cmTC_7c5cd/fast] Error 2
make[3]: Leaving directory '/root/eosio.contracts-1.9.1/build/contracts/CMakeFiles/CMakeTmp'



Detecting CXX compiler ABI info failed to compile with the following output:
Change Dir: /root/eosio.contracts-1.9.1/build/contracts/CMakeFiles/CMakeTmp

Run Build Command:"/usr/bin/make" "cmTC_54edb/fast"
make[3]: Entering directory '/root/eosio.contracts-1.9.1/build/contracts/CMakeFiles/CMakeTmp'
/usr/bin/make -f CMakeFiles/cmTC_54edb.dir/build.make CMakeFiles/cmTC_54edb.dir/build
make[4]: Entering directory '/root/eosio.contracts-1.9.1/build/contracts/CMakeFiles/CMakeTmp'
Building CXX object CMakeFiles/cmTC_54edb.dir/CMakeCXXCompilerABI.cpp.obj
/usr/bin/eosio-cpp     -o CMakeFiles/cmTC_54edb.dir/CMakeCXXCompilerABI.cpp.obj -c /usr/share/cmake-3.10/Modules/CMakeCXXCompilerABI.cpp
Linking CXX executable cmTC_54edb.wasm
/usr/bin/cmake -E cmake_link_script CMakeFiles/cmTC_54edb.dir/link.txt --verbose=1
/usr/bin/eosio-ld  -v CMakeFiles/cmTC_54edb.dir/CMakeCXXCompilerABI.cpp.obj -o cmTC_54edb.wasm 
eosio-ld: Unknown command line argument '-v'.  Try: '/usr/bin/eosio-ld -help'
eosio-ld: Did you mean '-L'?
CMakeFiles/cmTC_54edb.dir/build.make:97: recipe for target 'cmTC_54edb.wasm' failed
make[4]: *** [cmTC_54edb.wasm] Error 1
make[4]: Leaving directory '/root/eosio.contracts-1.9.1/build/contracts/CMakeFiles/CMakeTmp'
Makefile:126: recipe for target 'cmTC_54edb/fast' failed
make[3]: *** [cmTC_54edb/fast] Error 2
make[3]: Leaving directory '/root/eosio.contracts-1.9.1/build/contracts/CMakeFiles/CMakeTmp'



Detecting CXX [-std=c++1z] compiler features failed to compile with the following output:
Change Dir: /root/eosio.contracts-1.9.1/build/contracts/CMakeFiles/CMakeTmp

Run Build Command:"/usr/bin/make" "cmTC_0ca1c/fast"
make[3]: Entering directory '/root/eosio.contracts-1.9.1/build/contracts/CMakeFiles/CMakeTmp'
/usr/bin/make -f CMakeFiles/cmTC_0ca1c.dir/build.make CMakeFiles/cmTC_0ca1c.dir/build
make[4]: Entering directory '/root/eosio.contracts-1.9.1/build/contracts/CMakeFiles/CMakeTmp'
Building CXX object CMakeFiles/cmTC_0ca1c.dir/feature_tests.cxx.obj
/usr/bin/eosio-cpp    -std=c++1z -o CMakeFiles/cmTC_0ca1c.dir/feature_tests.cxx.obj -c /root/eosio.contracts-1.9.1/build/contracts/CMakeFiles/feature_tests.cxx
Linking CXX executable cmTC_0ca1c.wasm
/usr/bin/cmake -E cmake_link_script CMakeFiles/cmTC_0ca1c.dir/link.txt --verbose=1
/usr/bin/eosio-ld   CMakeFiles/cmTC_0ca1c.dir/feature_tests.cxx.obj -o cmTC_0ca1c.wasm 
/usr/opt/eosio.cdt/1.7.0/bin/wasm-ld: error: fatal failure: contract with no actions and trying to create dispatcher
CMakeFiles/cmTC_0ca1c.dir/build.make:97: recipe for target 'cmTC_0ca1c.wasm' failed
make[4]: *** [cmTC_0ca1c.wasm] Error 255
make[4]: Leaving directory '/root/eosio.contracts-1.9.1/build/contracts/CMakeFiles/CMakeTmp'
Makefile:126: recipe for target 'cmTC_0ca1c/fast' failed
make[3]: *** [cmTC_0ca1c/fast] Error 2
make[3]: Leaving directory '/root/eosio.contracts-1.9.1/build/contracts/CMakeFiles/CMakeTmp'



